# JRE version: Java(TM) SE Runtime Environment (13.0.2+8) (build 13.0.2+8)
# Java VM: Java HotSpot(TM) 64-Bit Server VM (13.0.2+8, mixed mode, sharing, tiered, compressed oops, g1 gc, windows-amd64)
Heap:
 garbage-first heap   total 560128K, used 136088K [0x0000000702200000, 0x0000000800000000)
  region size 1024K, 28 young (28672K), 28 survivors (28672K)
 Metaspace       used 20769K, capacity 21203K, committed 21552K, reserved 1069056K
  class space    used 2132K, capacity 2306K, committed 2432K, reserved 1048576K
GC Heap History (20 events):
Event: 187.561 GC heap after
{Heap after GC invocations=471 (full 0):
 garbage-first heap   total 194560K, used 90211K [0x0000000702200000, 0x0000000800000000)
  region size 1024K, 1 young (1024K), 1 survivors (1024K)
 Metaspace       used 20769K, capacity 21203K, committed 21552K, reserved 1069056K
  class space    used 2132K, capacity 2306K, committed 2432K, reserved 1048576K
}
Event: 187.683 GC heap before
{Heap before GC invocations=472 (full 0):
 garbage-first heap   total 194560K, used 149603K [0x0000000702200000, 0x0000000800000000)
  region size 1024K, 59 young (60416K), 1 survivors (1024K)
 Metaspace       used 20769K, capacity 21203K, committed 21552K, reserved 1069056K
  class space    used 2132K, capacity 2306K, committed 2432K, reserved 1048576K
}
Event: 187.690 GC heap after
{Heap after GC invocations=473 (full 0):
 garbage-first heap   total 194560K, used 94495K [0x0000000702200000, 0x0000000800000000)
  region size 1024K, 5 young (5120K), 5 survivors (5120K)
 Metaspace       used 20769K, capacity 21203K, committed 21552K, reserved 1069056K
  class space    used 2132K, capacity 2306K, committed 2432K, reserved 1048576K
}
Event: 187.781 GC heap before
{Heap before GC invocations=473 (full 0):
 garbage-first heap   total 194560K, used 152863K [0x0000000702200000, 0x0000000800000000)
  region size 1024K, 62 young (63488K), 5 survivors (5120K)
 Metaspace       used 20769K, capacity 21203K, committed 21552K, reserved 1069056K
  class space    used 2132K, capacity 2306K, committed 2432K, reserved 1048576K
}
Event: 187.795 GC heap after
{Heap after GC invocations=474 (full 0):
 garbage-first heap   total 233472K, used 99454K [0x0000000702200000, 0x0000000800000000)
  region size 1024K, 5 young (5120K), 5 survivors (5120K)
 Metaspace       used 20769K, capacity 21203K, committed 21552K, reserved 1069056K
  class space    used 2132K, capacity 2306K, committed 2432K, reserved 1048576K
}
Event: 187.956 GC heap before
{Heap before GC invocations=475 (full 0):
 garbage-first heap   total 233472K, used 175230K [0x0000000702200000, 0x0000000800000000)
  region size 1024K, 79 young (80896K), 5 survivors (5120K)
 Metaspace       used 20769K, capacity 21203K, committed 21552K, reserved 1069056K
  class space    used 2132K, capacity 2306K, committed 2432K, reserved 1048576K
}
Event: 187.963 GC heap after
{Heap after GC invocations=476 (full 0):
 garbage-first heap   total 233472K, used 99635K [0x0000000702200000, 0x0000000800000000)
  region size 1024K, 5 young (5120K), 5 survivors (5120K)
 Metaspace       used 20769K, capacity 21203K, committed 21552K, reserved 1069056K
  class space    used 2132K, capacity 2306K, committed 2432K, reserved 1048576K
}
Event: 188.059 GC heap before
{Heap before GC invocations=476 (full 0):
 garbage-first heap   total 233472K, used 178483K [0x0000000702200000, 0x0000000800000000)
  region size 1024K, 82 young (83968K), 5 survivors (5120K)
 Metaspace       used 20769K, capacity 21203K, committed 21552K, reserved 1069056K
  class space    used 2132K, capacity 2306K, committed 2432K, reserved 1048576K
}
Event: 188.066 GC heap after
{Heap after GC invocations=477 (full 0):
 garbage-first heap   total 233472K, used 99866K [0x0000000702200000, 0x0000000800000000)
  region size 1024K, 6 young (6144K), 6 survivors (6144K)
 Metaspace       used 20769K, capacity 21203K, committed 21552K, reserved 1069056K
  class space    used 2132K, capacity 2306K, committed 2432K, reserved 1048576K
}
Event: 188.293 GC heap before
{Heap before GC invocations=477 (full 0):
 garbage-first heap   total 233472K, used 180762K [0x0000000702200000, 0x0000000800000000)
  region size 1024K, 85 young (87040K), 6 survivors (6144K)
 Metaspace       used 20769K, capacity 21203K, committed 21552K, reserved 1069056K
  class space    used 2132K, capacity 2306K, committed 2432K, reserved 1048576K
}
Event: 188.300 GC heap after
{Heap after GC invocations=478 (full 0):
 garbage-first heap   total 233472K, used 101683K [0x0000000702200000, 0x0000000800000000)
  region size 1024K, 7 young (7168K), 7 survivors (7168K)
 Metaspace       used 20769K, capacity 21203K, committed 21552K, reserved 1069056K
  class space    used 2132K, capacity 2306K, committed 2432K, reserved 1048576K
}
Event: 188.419 GC heap before
{Heap before GC invocations=478 (full 0):
 garbage-first heap   total 233472K, used 184627K [0x0000000702200000, 0x0000000800000000)
  region size 1024K, 88 young (90112K), 7 survivors (7168K)
 Metaspace       used 20769K, capacity 21203K, committed 21552K, reserved 1069056K
  class space    used 2132K, capacity 2306K, committed 2432K, reserved 1048576K
}
Event: 188.428 GC heap after
{Heap after GC invocations=479 (full 0):
 garbage-first heap   total 445440K, used 103994K [0x0000000702200000, 0x0000000800000000)
  region size 1024K, 6 young (6144K), 6 survivors (6144K)
 Metaspace       used 20769K, capacity 21203K, committed 21552K, reserved 1069056K
  class space    used 2132K, capacity 2306K, committed 2432K, reserved 1048576K
}
Event: 188.783 GC heap before
{Heap before GC invocations=479 (full 0):
 garbage-first heap   total 445440K, used 271930K [0x0000000702200000, 0x0000000800000000)
  region size 1024K, 170 young (174080K), 6 survivors (6144K)
 Metaspace       used 20769K, capacity 21203K, committed 21552K, reserved 1069056K
  class space    used 2132K, capacity 2306K, committed 2432K, reserved 1048576K
}
Event: 188.787 GC heap after
{Heap after GC invocations=480 (full 0):
 garbage-first heap   total 445440K, used 103346K [0x0000000702200000, 0x0000000800000000)
  region size 1024K, 5 young (5120K), 5 survivors (5120K)
 Metaspace       used 20769K, capacity 21203K, committed 21552K, reserved 1069056K
  class space    used 2132K, capacity 2306K, committed 2432K, reserved 1048576K
}
Event: 189.104 GC heap before
{Heap before GC invocations=480 (full 0):
 garbage-first heap   total 445440K, used 311218K [0x0000000702200000, 0x0000000800000000)
  region size 1024K, 208 young (212992K), 5 survivors (5120K)
 Metaspace       used 20769K, capacity 21203K, committed 21552K, reserved 1069056K
  class space    used 2132K, capacity 2306K, committed 2432K, reserved 1048576K
}
Event: 189.108 GC heap after
{Heap after GC invocations=481 (full 0):
 garbage-first heap   total 445440K, used 104642K [0x0000000702200000, 0x0000000800000000)
  region size 1024K, 6 young (6144K), 6 survivors (6144K)
 Metaspace       used 20769K, capacity 21203K, committed 21552K, reserved 1069056K
  class space    used 2132K, capacity 2306K, committed 2432K, reserved 1048576K
}
Event: 189.341 GC heap before
{Heap before GC invocations=481 (full 0):
 garbage-first heap   total 445440K, used 318658K [0x0000000702200000, 0x0000000800000000)
  region size 1024K, 215 young (220160K), 6 survivors (6144K)
 Metaspace       used 20769K, capacity 21203K, committed 21552K, reserved 1069056K
  class space    used 2132K, capacity 2306K, committed 2432K, reserved 1048576K
}
Event: 189.345 GC heap after
{Heap after GC invocations=482 (full 0):
 garbage-first heap   total 445440K, used 104804K [0x0000000702200000, 0x0000000800000000)
  region size 1024K, 6 young (6144K), 6 survivors (6144K)
 Metaspace       used 20769K, capacity 21203K, committed 21552K, reserved 1069056K
  class space    used 2132K, capacity 2306K, committed 2432K, reserved 1048576K
}
Event: 189.576 GC heap before
{Heap before GC invocations=482 (full 0):
 garbage-first heap   total 445440K, used 330084K [0x0000000702200000, 0x0000000800000000)
  region size 1024K, 223 young (228352K), 6 survivors (6144K)
 Metaspace       used 20769K, capacity 21203K, committed 21552K, reserved 1069056K
  class space    used 2132K, capacity 2306K, committed 2432K, reserved 1048576K
}

